Arguments: 
  C:\Program Files\nodejs\node.exe C:\Users\WATER\AppData\Roaming\npm\node_modules\yarn\bin\yarn.js install

PATH: 
  C:\Python312\Scripts\;C:\Python312\;C:\Program Files\Common Files\Oracle\Java\javapath;C:\Program Files (x86)\Common Files\Oracle\Java\javapath;C:\Python\Scripts\;C:\Python\;C:\Windows\system32;C:\Windows;C:\Windows\System32\Wbem;C:\Windows\System32\WindowsPowerShell\v1.0\;C:\Windows\System32\OpenSSH\;C:\Python\Lib\site-packages\qt5_applications\Qt\bin;C:\Program Files\Git\cmd;C:\Program Files\Java\jdk1.8.0_201\bin;C:\Program Files\Java\jdk1.8.0_201\jre\bin;D:\ShotCut;C:\Program Files\allure-2.22.4\bin;C:\ProgramData\chocolatey\bin;C:\Program Files\apache-maven-3.6.3\bin;C:\Program Files\Microsoft SQL Server\Client SDK\ODBC\170\Tools\Binn\;C:\Program Files (x86)\Microsoft SQL Server\150\Tools\Binn\;C:\Program Files\Microsoft SQL Server\150\Tools\Binn\;C:\Program Files\Microsoft SQL Server\150\DTS\Binn\;C:\Program Files (x86)\Microsoft SQL Server\160\DTS\Binn\;C:\Program Files\Azure Data Studio\bin;C:\Program Files\nodejs\;C:\Program Files (x86)\Tencent\微信web开发者工具\dll;";C:\Program Files\apache-maven-3.6.3\bin\;";C:\Users\WATER\AppData\Local\Microsoft\WindowsApps;;C:\Program Files\JetBrains\PyCharm 2022.3.3\bin;;C:\Program Files (x86)\Nmap;C:\Program Files\JetBrains\IntelliJ IDEA 2021.3.2\bin;;C:\Program Files\JetBrains\IntelliJ IDEA Community Edition 2023.2\bin;;C:\Program Files\Azure Data Studio\bin;C:\Users\WATER\AppData\Local\Programs\Microsoft VS Code\bin;C:\Users\WATER\AppData\Roaming\npm;C:\Program Files\JetBrains\WebStorm 2023.3.6\bin;

Yarn version: 
  1.22.19

Node version: 
  18.18.0

Platform: 
  win32 x64

Trace: 
  Error: getaddrinfo ENOTFOUND registry.yarnpkg.com
      at GetAddrInfoReqWrap.onlookup [as oncomplete] (node:dns:108:26)

npm manifest: 
  {
    "name": "eprosblog",
    "version": "1.0.0",
    "description": "",
    "main": "index.js",
    "directories": {
      "doc": "docs"
    },
    "scripts": {
      "docs:dev": "vuepress dev docs",
      "docs:build": "vuepress build docs"
    },
    "keywords": [],
    "author": "",
    "license": "ISC",
    "devDependencies": {
      "gh-pages": "^6.1.1",
      "vuepress": "^1.9.10",
      "vuepress-theme-reco": "^1.6.17"
    },
    "dependencies": {
      "serve": "^14.2.3"
    }
  }

yarn manifest: 
  No manifest

Lockfile: 
  No lockfile
